GL_LOG_FILE log. local time Mon Nov 09 22:39:53 2015
build version: Nov  9 2015 22:39:52

starting GLFW
3.0.3 Win32 WGL MinGW DLL
renderer: GeForce GTX 670/PCIe/SSE2
version: 4.5.0 NVIDIA 353.82
GL Context Params:
GL_MAX_COMBINED_TEXTURE_IMAGE_UNITS 192
GL_MAX_CUBE_MAP_TEXTURE_SIZE 16384
GL_MAX_DRAW_BUFFERS 8
GL_MAX_FRAGMENT_UNIFORM_COMPONENTS 2048
GL_MAX_TEXTURE_IMAGE_UNITS 32
GL_MAX_TEXTURE_SIZE 16384
GL_MAX_VARYING_FLOATS 124
GL_MAX_VERTEX_ATTRIBS 16
GL_MAX_VERTEX_TEXTURE_IMAGE_UNITS 32
GL_MAX_VERTEX_UNIFORM_COMPONENTS 4096
GL_MAX_VIEWPORT_DIMS 16384 16384
GL_STEREO 0
-----------------------------
